#
# There is insufficient memory for the Java Runtime Environment to continue.
# Native memory allocation (malloc) failed to allocate 1048576 bytes for AllocateHeap
# Possible reasons:
#   The system is out of physical RAM or swap space
#   In 32 bit mode, the process size limit was hit
# Possible solutions:
#   Reduce memory load on the system
#   Increase physical memory or swap space
#   Check if swap backing store is full
#   Use 64 bit Java on a 64 bit OS
#   Decrease Java heap size (-Xmx/-Xms)
#   Decrease number of Java threads
#   Decrease Java thread stack sizes (-Xss)
#   Set larger code cache with -XX:ReservedCodeCacheSize=
# This output file may be truncated or incomplete.
#
#  Out of Memory Error (memory/allocation.inline.hpp:61), pid=14676, tid=0x0000000000003ac0
#
# JRE version:  (8.0_152-b16) (build )
# Java VM: Java HotSpot(TM) 64-Bit Server VM (25.152-b16 mixed mode windows-amd64 compressed oops)
# Failed to write core dump. Minidumps are not enabled by default on client versions of Windows
#

---------------  T H R E A D  ---------------

Current thread (0x00000000030fe000):  JavaThread "Unknown thread" [_thread_in_vm, id=15040, stack(0x0000000001680000,0x0000000001780000)]

Stack: [0x0000000001680000,0x0000000001780000]
[error occurred during error reporting (printing stack bounds), id 0xc0000005]

Native frames: (J=compiled Java code, j=interpreted, Vv=VM code, C=native code)


---------------  P R O C E S S  ---------------

Java Threads: ( => current thread )

Other Threads:

=>0x00000000030fe000 (exited) JavaThread "Unknown thread" [_thread_in_vm, id=15040, stack(0x0000000001680000,0x0000000001780000)]

VM state:not at safepoint (normal execution)

VM Mutex/Monitor currently owned by a thread: None

Heap:
 PSYoungGen      total 76288K, used 1310K [0x000000076af00000, 0x0000000770400000, 0x00000007c0000000)
  eden space 65536K, 2% used [0x000000076af00000,0x000000076b047af0,0x000000076ef00000)
  from space 10752K, 0% used [0x000000076f980000,0x000000076f980000,0x0000000770400000)
  to   space 10752K, 0% used [0x000000076ef00000,0x000000076ef00000,0x000000076f980000)
 ParOldGen       total 175104K, used 0K [0x00000006c0c00000, 0x00000006cb700000, 0x000000076af00000)
  object space 175104K, 0% used [0x00000006c0c00000,0x00000006c0c00000,0x00000006cb700000)
 Metaspace       used 746K, capacity 4480K, committed 4480K, reserved 1056768K
  class space    used 75K, capacity 384K, committed 384K, reserved 1048576K

Card table byte_map: [0x00000000124c0000,0x0000000012cc0000] byte_map_base: 0x000000000eeba000

Marking Bits: (ParMarkBitMap*) 0x0000000063460860
 Begin Bits: [0x0000000013620000, 0x00000000175f0000)
 End Bits:   [0x00000000175f0000, 0x000000001b5c0000)

Polling page: 0x0000000002f30000

CodeCache: size=245760Kb used=328Kb max_used=328Kb free=245431Kb
 bounds [0x0000000003100000, 0x0000000003370000, 0x0000000012100000]
 total_blobs=58 nmethods=0 adapters=38
 compilation: enabled

Compilation events (0 events):
No events

GC Heap History (0 events):
No events

Deoptimization events (0 events):
No events

Classes redefined (0 events):
No events

Internal exceptions (0 events):
No events

Events (10 events):
Event: 0.036 loading class java/lang/Short
Event: 0.036 loading class java/lang/Short done
Event: 0.036 loading class java/lang/Integer
Event: 0.036 loading class java/lang/Integer done
Event: 0.036 loading class java/lang/Long
Event: 0.036 loading class java/lang/Long done
Event: 0.036 loading class java/lang/NullPointerException
Event: 0.036 loading class java/lang/NullPointerException done
Event: 0.036 loading class java/lang/ArithmeticException
Event: 0.036 loading class java/lang/ArithmeticException done


Dynamic libraries:
0x00007ff757d20000 - 0x00007ff757d57000 	C:\Program Files\Java\jre1.8.0_152\bin\javaw.exe
0x00007ffaf7c20000 - 0x00007ffaf7e10000 	C:\WINDOWS\SYSTEM32\ntdll.dll
0x00007ffaf7100000 - 0x00007ffaf71b2000 	C:\WINDOWS\System32\KERNEL32.DLL
0x00007ffaf4d90000 - 0x00007ffaf5033000 	C:\WINDOWS\System32\KERNELBASE.dll
0x00007ffaf65e0000 - 0x00007ffaf6683000 	C:\WINDOWS\System32\ADVAPI32.dll
0x00007ffaf7250000 - 0x00007ffaf72ee000 	C:\WINDOWS\System32\msvcrt.dll
0x00007ffaf7b20000 - 0x00007ffaf7bb7000 	C:\WINDOWS\System32\sechost.dll
0x00007ffaf6760000 - 0x00007ffaf6880000 	C:\WINDOWS\System32\RPCRT4.dll
0x00007ffaf5f20000 - 0x00007ffaf60b4000 	C:\WINDOWS\System32\USER32.dll
0x00007ffaf4c10000 - 0x00007ffaf4c31000 	C:\WINDOWS\System32\win32u.dll
0x00007ffaf7990000 - 0x00007ffaf79b6000 	C:\WINDOWS\System32\GDI32.dll
0x00007ffaf5a80000 - 0x00007ffaf5c14000 	C:\WINDOWS\System32\gdi32full.dll
0x00007ffaf5960000 - 0x00007ffaf59fe000 	C:\WINDOWS\System32\msvcp_win.dll
0x00007ffaf5810000 - 0x00007ffaf590a000 	C:\WINDOWS\System32\ucrtbase.dll
0x00007ffaedb00000 - 0x00007ffaedd85000 	C:\WINDOWS\WinSxS\amd64_microsoft.windows.common-controls_6595b64144ccf1df_6.0.18362.657_none_e6c5b579130e3898\COMCTL32.dll
0x00007ffaf7640000 - 0x00007ffaf7976000 	C:\WINDOWS\System32\combase.dll
0x00007ffaf5a00000 - 0x00007ffaf5a80000 	C:\WINDOWS\System32\bcryptPrimitives.dll
0x00007ffaf6530000 - 0x00007ffaf655e000 	C:\WINDOWS\System32\IMM32.DLL
0x0000000062a80000 - 0x0000000062b52000 	C:\Program Files\Java\jre1.8.0_152\bin\msvcr100.dll
0x0000000062c40000 - 0x00000000634e0000 	C:\Program Files\Java\jre1.8.0_152\bin\server\jvm.dll
0x00007ffaf6560000 - 0x00007ffaf6568000 	C:\WINDOWS\System32\PSAPI.DLL
0x00007ffaec660000 - 0x00007ffaec669000 	C:\WINDOWS\SYSTEM32\WSOCK32.dll
0x00007ffaf6570000 - 0x00007ffaf65df000 	C:\WINDOWS\System32\WS2_32.dll
0x00007ffaee520000 - 0x00007ffaee52a000 	C:\WINDOWS\SYSTEM32\VERSION.dll
0x00007ffaf2560000 - 0x00007ffaf2584000 	C:\WINDOWS\SYSTEM32\WINMM.dll
0x00007ffaf2530000 - 0x00007ffaf255d000 	C:\WINDOWS\SYSTEM32\WINMMBASE.dll
0x00007ffaf5040000 - 0x00007ffaf508a000 	C:\WINDOWS\System32\cfgmgr32.dll
0x0000000062c30000 - 0x0000000062c3f000 	C:\Program Files\Java\jre1.8.0_152\bin\verify.dll
0x0000000062c00000 - 0x0000000062c29000 	C:\Program Files\Java\jre1.8.0_152\bin\java.dll
0x0000000062be0000 - 0x0000000062bf6000 	C:\Program Files\Java\jre1.8.0_152\bin\zip.dll

VM Arguments:
jvm_args: -Dfile.encoding=Cp1252 
java_command: hashBasher
java_class_path (initial): C:\Program Files\Java\jre1.8.0_152\lib\resources.jar;C:\Program Files\Java\jre1.8.0_152\lib\rt.jar;C:\Program Files\Java\jre1.8.0_152\lib\jsse.jar;C:\Program Files\Java\jre1.8.0_152\lib\jce.jar;C:\Program Files\Java\jre1.8.0_152\lib\charsets.jar;C:\Program Files\Java\jre1.8.0_152\lib\jfr.jar;C:\Program Files\Java\jre1.8.0_152\lib\ext\access-bridge-64.jar;C:\Program Files\Java\jre1.8.0_152\lib\ext\cldrdata.jar;C:\Program Files\Java\jre1.8.0_152\lib\ext\dnsns.jar;C:\Program Files\Java\jre1.8.0_152\lib\ext\dns_sd.jar;C:\Program Files\Java\jre1.8.0_152\lib\ext\jaccess.jar;C:\Program Files\Java\jre1.8.0_152\lib\ext\jfxrt.jar;C:\Program Files\Java\jre1.8.0_152\lib\ext\localedata.jar;C:\Program Files\Java\jre1.8.0_152\lib\ext\nashorn.jar;C:\Program Files\Java\jre1.8.0_152\lib\ext\sunec.jar;C:\Program Files\Java\jre1.8.0_152\lib\ext\sunjce_provider.jar;C:\Program Files\Java\jre1.8.0_152\lib\ext\sunmscapi.jar;C:\Program Files\Java\jre1.8.0_152\lib\ext\sunpkcs11.jar;C:\Program Files\Java\jre1.8.0_152\lib\ext\zipfs.jar;C:\Users\Chris\eclipse-workspace\HashFunctions2\bin
Launcher Type: SUN_STANDARD

Environment Variables:
PATH=C:/Program Files/Java/jre1.8.0_152/bin/server;C:/Program Files/Java/jre1.8.0_152/bin;C:/Program Files/Java/jre1.8.0_152/lib/amd64;C:\Program Files (x86)\NetSarang\Xshell 6\;C:\ProgramData\Oracle\Java\javapath;C:\WINDOWS\system32;C:\WINDOWS;C:\WINDOWS\System32\Wbem;C:\WINDOWS\System32\WindowsPowerShell\v1.0\;C:\WINDOWS\System32\OpenSSH\;C:\Program Files (x86)\Calibre2\;C:\Program Files (x86)\Windows Kits\10\Windows Performance Toolkit\;C:\Users\Chris\AppData\Local\Microsoft\WindowsApps;C:\Users\Chris\AppData\Local\GitHubDesktop\bin;C:\Users\Chris\eclipse\java-oxygen\eclipse;
USERNAME=Chris
OS=Windows_NT
PROCESSOR_IDENTIFIER=Intel64 Family 6 Model 94 Stepping 3, GenuineIntel



---------------  S Y S T E M  ---------------

OS: Windows 10.0 , 64 bit Build 18362 (10.0.18362.329)

CPU:total 4 (initial active 4) (4 cores per cpu, 1 threads per core) family 6 model 94 stepping 3, cmov, cx8, fxsr, mmx, sse, sse2, sse3, ssse3, sse4.1, sse4.2, popcnt, avx, avx2, aes, clmul, erms, rtm, 3dnowpref, lzcnt, tsc, tscinvbit, bmi1, bmi2, adx

Memory: 4k page, physical 16728044k(8571900k free), swap 18776044k(5712k free)

vm_info: Java HotSpot(TM) 64-Bit Server VM (25.152-b16) for windows-amd64 JRE (1.8.0_152-b16), built on Sep 14 2017 02:29:36 by "java_re" with MS VC++ 10.0 (VS2010)

time: Mon Feb 24 19:47:16 2020
elapsed time: 0 seconds (0d 0h 0m 0s)

